{"C:\\Personal\\Extra\\MERN Stack\\University-Timetable-Management-System---RESTful-API\\backend\\config\\index.js": {"path":"C:\\Personal\\Extra\\MERN Stack\\University-Timetable-Management-System---RESTful-API\\backend\\config\\index.js","statementMap":{"0":{"start":{"line":1,"column":0},"end":{"line":1,"column":27}},"1":{"start":{"line":3,"column":0},"end":{"line":7,"column":2}}},"fnMap":{},"branchMap":{},"s":{"0":1,"1":1},"f":{},"b":{},"_coverageSchema":"1a1c01bbd47fc00a2c39e90264f33305004495a9","hash":"22216de020b08bfa8e6a3983b9ebc8a70c5db06f"}
,"C:\\Personal\\Extra\\MERN Stack\\University-Timetable-Management-System---RESTful-API\\backend\\controllers\\bookingController.js": {"path":"C:\\Personal\\Extra\\MERN Stack\\University-Timetable-Management-System---RESTful-API\\backend\\controllers\\bookingController.js","statementMap":{"0":{"start":{"line":1,"column":13},"end":{"line":1,"column":46}},"1":{"start":{"line":2,"column":17},"end":{"line":2,"column":36}},"2":{"start":{"line":3,"column":17},"end":{"line":3,"column":36}},"3":{"start":{"line":4,"column":12},"end":{"line":4,"column":35}},"4":{"start":{"line":7,"column":20},"end":{"line":7,"column":68}},"5":{"start":{"line":9,"column":22},"end":{"line":54,"column":1}},"6":{"start":{"line":10,"column":49},"end":{"line":10,"column":57}},"7":{"start":{"line":11,"column":20},"end":{"line":11,"column":30}},"8":{"start":{"line":12,"column":20},"end":{"line":12,"column":22}},"9":{"start":{"line":15,"column":2},"end":{"line":17,"column":3}},"10":{"start":{"line":16,"column":4},"end":{"line":16,"column":47}},"11":{"start":{"line":18,"column":2},"end":{"line":20,"column":3}},"12":{"start":{"line":19,"column":4},"end":{"line":19,"column":50}},"13":{"start":{"line":21,"column":2},"end":{"line":23,"column":3}},"14":{"start":{"line":22,"column":4},"end":{"line":22,"column":47}},"15":{"start":{"line":24,"column":2},"end":{"line":26,"column":3}},"16":{"start":{"line":25,"column":4},"end":{"line":25,"column":44}},"17":{"start":{"line":28,"column":2},"end":{"line":30,"column":3}},"18":{"start":{"line":29,"column":4},"end":{"line":29,"column":76}},"19":{"start":{"line":32,"column":15},"end":{"line":32,"column":57}},"20":{"start":{"line":33,"column":2},"end":{"line":33,"column":20}},"21":{"start":{"line":35,"column":2},"end":{"line":53,"column":3}},"22":{"start":{"line":36,"column":4},"end":{"line":38,"column":7}},"23":{"start":{"line":40,"column":4},"end":{"line":52,"column":5}},"24":{"start":{"line":41,"column":22},"end":{"line":48,"column":8}},"25":{"start":{"line":49,"column":6},"end":{"line":49,"column":40}},"26":{"start":{"line":51,"column":6},"end":{"line":51,"column":53}},"27":{"start":{"line":57,"column":23},"end":{"line":64,"column":1}},"28":{"start":{"line":58,"column":2},"end":{"line":63,"column":3}},"29":{"start":{"line":59,"column":18},"end":{"line":59,"column":61}},"30":{"start":{"line":60,"column":4},"end":{"line":60,"column":36}},"31":{"start":{"line":62,"column":4},"end":{"line":62,"column":67}},"32":{"start":{"line":67,"column":19},"end":{"line":85,"column":1}},"33":{"start":{"line":68,"column":2},"end":{"line":84,"column":3}},"34":{"start":{"line":69,"column":19},"end":{"line":69,"column":29}},"35":{"start":{"line":71,"column":4},"end":{"line":73,"column":5}},"36":{"start":{"line":72,"column":6},"end":{"line":72,"column":65}},"37":{"start":{"line":75,"column":17},"end":{"line":75,"column":40}},"38":{"start":{"line":77,"column":4},"end":{"line":79,"column":5}},"39":{"start":{"line":78,"column":6},"end":{"line":78,"column":65}},"40":{"start":{"line":81,"column":4},"end":{"line":81,"column":31}},"41":{"start":{"line":83,"column":4},"end":{"line":83,"column":63}},"42":{"start":{"line":88,"column":22},"end":{"line":106,"column":1}},"43":{"start":{"line":89,"column":2},"end":{"line":105,"column":3}},"44":{"start":{"line":90,"column":19},"end":{"line":90,"column":29}},"45":{"start":{"line":92,"column":4},"end":{"line":94,"column":5}},"46":{"start":{"line":93,"column":6},"end":{"line":93,"column":65}},"47":{"start":{"line":96,"column":17},"end":{"line":96,"column":57}},"48":{"start":{"line":98,"column":4},"end":{"line":100,"column":5}},"49":{"start":{"line":99,"column":6},"end":{"line":99,"column":65}},"50":{"start":{"line":102,"column":4},"end":{"line":102,"column":31}},"51":{"start":{"line":104,"column":4},"end":{"line":104,"column":66}},"52":{"start":{"line":109,"column":22},"end":{"line":131,"column":1}},"53":{"start":{"line":110,"column":17},"end":{"line":110,"column":27}},"54":{"start":{"line":112,"column":2},"end":{"line":114,"column":3}},"55":{"start":{"line":113,"column":4},"end":{"line":113,"column":66}},"56":{"start":{"line":116,"column":2},"end":{"line":130,"column":3}},"57":{"start":{"line":117,"column":27},"end":{"line":121,"column":5}},"58":{"start":{"line":123,"column":4},"end":{"line":125,"column":5}},"59":{"start":{"line":124,"column":6},"end":{"line":124,"column":67}},"60":{"start":{"line":127,"column":4},"end":{"line":127,"column":58}},"61":{"start":{"line":129,"column":4},"end":{"line":129,"column":59}},"62":{"start":{"line":134,"column":31},"end":{"line":149,"column":1}},"63":{"start":{"line":136,"column":2},"end":{"line":148,"column":3}},"64":{"start":{"line":137,"column":4},"end":{"line":145,"column":6}},"65":{"start":{"line":147,"column":4},"end":{"line":147,"column":59}},"66":{"start":{"line":152,"column":21},"end":{"line":162,"column":1}},"67":{"start":{"line":153,"column":17},"end":{"line":153,"column":27}},"68":{"start":{"line":155,"column":19},"end":{"line":155,"column":49}},"69":{"start":{"line":157,"column":2},"end":{"line":161,"column":3}},"70":{"start":{"line":158,"column":4},"end":{"line":158,"column":56}},"71":{"start":{"line":160,"column":4},"end":{"line":160,"column":61}},"72":{"start":{"line":164,"column":0},"end":{"line":173,"column":2}}},"fnMap":{"0":{"name":"(anonymous_0)","decl":{"start":{"line":9,"column":22},"end":{"line":9,"column":23}},"loc":{"start":{"line":9,"column":42},"end":{"line":54,"column":1}},"line":9},"1":{"name":"(anonymous_1)","decl":{"start":{"line":57,"column":23},"end":{"line":57,"column":24}},"loc":{"start":{"line":57,"column":43},"end":{"line":64,"column":1}},"line":57},"2":{"name":"(anonymous_2)","decl":{"start":{"line":67,"column":19},"end":{"line":67,"column":20}},"loc":{"start":{"line":67,"column":39},"end":{"line":85,"column":1}},"line":67},"3":{"name":"(anonymous_3)","decl":{"start":{"line":88,"column":22},"end":{"line":88,"column":23}},"loc":{"start":{"line":88,"column":42},"end":{"line":106,"column":1}},"line":88},"4":{"name":"(anonymous_4)","decl":{"start":{"line":109,"column":22},"end":{"line":109,"column":23}},"loc":{"start":{"line":109,"column":42},"end":{"line":131,"column":1}},"line":109},"5":{"name":"(anonymous_5)","decl":{"start":{"line":134,"column":31},"end":{"line":134,"column":32}},"loc":{"start":{"line":134,"column":67},"end":{"line":149,"column":1}},"line":134},"6":{"name":"(anonymous_6)","decl":{"start":{"line":152,"column":21},"end":{"line":152,"column":22}},"loc":{"start":{"line":152,"column":41},"end":{"line":162,"column":1}},"line":152}},"branchMap":{"0":{"loc":{"start":{"line":15,"column":2},"end":{"line":17,"column":3}},"type":"if","locations":[{"start":{"line":15,"column":2},"end":{"line":17,"column":3}},{"start":{},"end":{}}],"line":15},"1":{"loc":{"start":{"line":18,"column":2},"end":{"line":20,"column":3}},"type":"if","locations":[{"start":{"line":18,"column":2},"end":{"line":20,"column":3}},{"start":{},"end":{}}],"line":18},"2":{"loc":{"start":{"line":21,"column":2},"end":{"line":23,"column":3}},"type":"if","locations":[{"start":{"line":21,"column":2},"end":{"line":23,"column":3}},{"start":{},"end":{}}],"line":21},"3":{"loc":{"start":{"line":24,"column":2},"end":{"line":26,"column":3}},"type":"if","locations":[{"start":{"line":24,"column":2},"end":{"line":26,"column":3}},{"start":{},"end":{}}],"line":24},"4":{"loc":{"start":{"line":28,"column":2},"end":{"line":30,"column":3}},"type":"if","locations":[{"start":{"line":28,"column":2},"end":{"line":30,"column":3}},{"start":{},"end":{}}],"line":28},"5":{"loc":{"start":{"line":35,"column":2},"end":{"line":53,"column":3}},"type":"if","locations":[{"start":{"line":35,"column":2},"end":{"line":53,"column":3}},{"start":{"line":39,"column":9},"end":{"line":53,"column":3}}],"line":35},"6":{"loc":{"start":{"line":71,"column":4},"end":{"line":73,"column":5}},"type":"if","locations":[{"start":{"line":71,"column":4},"end":{"line":73,"column":5}},{"start":{},"end":{}}],"line":71},"7":{"loc":{"start":{"line":77,"column":4},"end":{"line":79,"column":5}},"type":"if","locations":[{"start":{"line":77,"column":4},"end":{"line":79,"column":5}},{"start":{},"end":{}}],"line":77},"8":{"loc":{"start":{"line":92,"column":4},"end":{"line":94,"column":5}},"type":"if","locations":[{"start":{"line":92,"column":4},"end":{"line":94,"column":5}},{"start":{},"end":{}}],"line":92},"9":{"loc":{"start":{"line":98,"column":4},"end":{"line":100,"column":5}},"type":"if","locations":[{"start":{"line":98,"column":4},"end":{"line":100,"column":5}},{"start":{},"end":{}}],"line":98},"10":{"loc":{"start":{"line":112,"column":2},"end":{"line":114,"column":3}},"type":"if","locations":[{"start":{"line":112,"column":2},"end":{"line":114,"column":3}},{"start":{},"end":{}}],"line":112},"11":{"loc":{"start":{"line":123,"column":4},"end":{"line":125,"column":5}},"type":"if","locations":[{"start":{"line":123,"column":4},"end":{"line":125,"column":5}},{"start":{},"end":{}}],"line":123},"12":{"loc":{"start":{"line":157,"column":2},"end":{"line":161,"column":3}},"type":"if","locations":[{"start":{"line":157,"column":2},"end":{"line":161,"column":3}},{"start":{"line":159,"column":9},"end":{"line":161,"column":3}}],"line":157}},"s":{"0":1,"1":1,"2":1,"3":1,"4":1,"5":1,"6":3,"7":3,"8":3,"9":3,"10":1,"11":3,"12":0,"13":3,"14":0,"15":3,"16":0,"17":3,"18":1,"19":2,"20":2,"21":2,"22":1,"23":1,"24":1,"25":1,"26":0,"27":1,"28":0,"29":0,"30":0,"31":0,"32":1,"33":0,"34":0,"35":0,"36":0,"37":0,"38":0,"39":0,"40":0,"41":0,"42":1,"43":0,"44":0,"45":0,"46":0,"47":0,"48":0,"49":0,"50":0,"51":0,"52":1,"53":0,"54":0,"55":0,"56":0,"57":0,"58":0,"59":0,"60":0,"61":0,"62":1,"63":0,"64":0,"65":0,"66":1,"67":0,"68":0,"69":0,"70":0,"71":0,"72":1},"f":{"0":3,"1":0,"2":0,"3":0,"4":0,"5":0,"6":0},"b":{"0":[1,2],"1":[0,3],"2":[0,3],"3":[0,3],"4":[1,2],"5":[1,1],"6":[0,0],"7":[0,0],"8":[0,0],"9":[0,0],"10":[0,0],"11":[0,0],"12":[0,0]},"_coverageSchema":"1a1c01bbd47fc00a2c39e90264f33305004495a9","hash":"774b3b95b5c9ba8b9586bb6cd384010d26532484"}
,"C:\\Personal\\Extra\\MERN Stack\\University-Timetable-Management-System---RESTful-API\\backend\\controllers\\coureseController.js": {"path":"C:\\Personal\\Extra\\MERN Stack\\University-Timetable-Management-System---RESTful-API\\backend\\controllers\\coureseController.js","statementMap":{"0":{"start":{"line":1,"column":17},"end":{"line":1,"column":36}},"1":{"start":{"line":2,"column":12},"end":{"line":2,"column":35}},"2":{"start":{"line":3,"column":15},"end":{"line":3,"column":47}},"3":{"start":{"line":4,"column":17},"end":{"line":4,"column":36}},"4":{"start":{"line":7,"column":19},"end":{"line":7,"column":67}},"5":{"start":{"line":10,"column":21},"end":{"line":43,"column":1}},"6":{"start":{"line":11,"column":64},"end":{"line":11,"column":72}},"7":{"start":{"line":12,"column":20},"end":{"line":12,"column":22}},"8":{"start":{"line":14,"column":2},"end":{"line":16,"column":3}},"9":{"start":{"line":15,"column":4},"end":{"line":15,"column":45}},"10":{"start":{"line":17,"column":2},"end":{"line":19,"column":3}},"11":{"start":{"line":18,"column":4},"end":{"line":18,"column":51}},"12":{"start":{"line":20,"column":2},"end":{"line":22,"column":3}},"13":{"start":{"line":21,"column":4},"end":{"line":21,"column":52}},"14":{"start":{"line":23,"column":2},"end":{"line":25,"column":3}},"15":{"start":{"line":24,"column":4},"end":{"line":24,"column":48}},"16":{"start":{"line":26,"column":2},"end":{"line":28,"column":3}},"17":{"start":{"line":27,"column":4},"end":{"line":27,"column":76}},"18":{"start":{"line":31,"column":2},"end":{"line":42,"column":3}},"19":{"start":{"line":32,"column":19},"end":{"line":38,"column":6}},"20":{"start":{"line":39,"column":4},"end":{"line":39,"column":37}},"21":{"start":{"line":41,"column":4},"end":{"line":41,"column":51}},"22":{"start":{"line":46,"column":22},"end":{"line":53,"column":1}},"23":{"start":{"line":47,"column":2},"end":{"line":52,"column":3}},"24":{"start":{"line":48,"column":20},"end":{"line":48,"column":65}},"25":{"start":{"line":49,"column":4},"end":{"line":49,"column":34}},"26":{"start":{"line":51,"column":4},"end":{"line":51,"column":68}},"27":{"start":{"line":56,"column":18},"end":{"line":70,"column":1}},"28":{"start":{"line":57,"column":17},"end":{"line":57,"column":27}},"29":{"start":{"line":59,"column":2},"end":{"line":61,"column":3}},"30":{"start":{"line":60,"column":4},"end":{"line":60,"column":61}},"31":{"start":{"line":63,"column":17},"end":{"line":63,"column":42}},"32":{"start":{"line":65,"column":2},"end":{"line":67,"column":3}},"33":{"start":{"line":66,"column":4},"end":{"line":66,"column":61}},"34":{"start":{"line":69,"column":2},"end":{"line":69,"column":31}},"35":{"start":{"line":73,"column":28},"end":{"line":83,"column":1}},"36":{"start":{"line":74,"column":24},"end":{"line":74,"column":34}},"37":{"start":{"line":76,"column":17},"end":{"line":76,"column":49}},"38":{"start":{"line":78,"column":2},"end":{"line":80,"column":3}},"39":{"start":{"line":79,"column":4},"end":{"line":79,"column":62}},"40":{"start":{"line":82,"column":2},"end":{"line":82,"column":31}},"41":{"start":{"line":86,"column":21},"end":{"line":105,"column":1}},"42":{"start":{"line":87,"column":2},"end":{"line":104,"column":3}},"43":{"start":{"line":88,"column":19},"end":{"line":88,"column":29}},"44":{"start":{"line":90,"column":4},"end":{"line":92,"column":5}},"45":{"start":{"line":91,"column":6},"end":{"line":91,"column":63}},"46":{"start":{"line":94,"column":19},"end":{"line":94,"column":61}},"47":{"start":{"line":96,"column":4},"end":{"line":98,"column":5}},"48":{"start":{"line":97,"column":6},"end":{"line":97,"column":63}},"49":{"start":{"line":100,"column":4},"end":{"line":100,"column":33}},"50":{"start":{"line":102,"column":4},"end":{"line":102,"column":67}},"51":{"start":{"line":103,"column":4},"end":{"line":103,"column":61}},"52":{"start":{"line":108,"column":21},"end":{"line":129,"column":1}},"53":{"start":{"line":109,"column":17},"end":{"line":109,"column":27}},"54":{"start":{"line":111,"column":2},"end":{"line":113,"column":3}},"55":{"start":{"line":112,"column":4},"end":{"line":112,"column":61}},"56":{"start":{"line":115,"column":17},"end":{"line":120,"column":3}},"57":{"start":{"line":122,"column":2},"end":{"line":124,"column":3}},"58":{"start":{"line":123,"column":4},"end":{"line":123,"column":61}},"59":{"start":{"line":126,"column":2},"end":{"line":128,"column":69}},"60":{"start":{"line":132,"column":21},"end":{"line":157,"column":1}},"61":{"start":{"line":133,"column":2},"end":{"line":156,"column":3}},"62":{"start":{"line":134,"column":19},"end":{"line":134,"column":29}},"63":{"start":{"line":136,"column":4},"end":{"line":138,"column":5}},"64":{"start":{"line":137,"column":6},"end":{"line":137,"column":63}},"65":{"start":{"line":140,"column":19},"end":{"line":145,"column":5}},"66":{"start":{"line":147,"column":4},"end":{"line":149,"column":5}},"67":{"start":{"line":148,"column":6},"end":{"line":148,"column":63}},"68":{"start":{"line":151,"column":4},"end":{"line":153,"column":7}},"69":{"start":{"line":155,"column":4},"end":{"line":155,"column":67}},"70":{"start":{"line":159,"column":0},"end":{"line":168,"column":2}}},"fnMap":{"0":{"name":"(anonymous_0)","decl":{"start":{"line":10,"column":21},"end":{"line":10,"column":22}},"loc":{"start":{"line":10,"column":41},"end":{"line":43,"column":1}},"line":10},"1":{"name":"(anonymous_1)","decl":{"start":{"line":46,"column":22},"end":{"line":46,"column":23}},"loc":{"start":{"line":46,"column":42},"end":{"line":53,"column":1}},"line":46},"2":{"name":"(anonymous_2)","decl":{"start":{"line":56,"column":18},"end":{"line":56,"column":19}},"loc":{"start":{"line":56,"column":38},"end":{"line":70,"column":1}},"line":56},"3":{"name":"(anonymous_3)","decl":{"start":{"line":73,"column":28},"end":{"line":73,"column":29}},"loc":{"start":{"line":73,"column":48},"end":{"line":83,"column":1}},"line":73},"4":{"name":"(anonymous_4)","decl":{"start":{"line":86,"column":21},"end":{"line":86,"column":22}},"loc":{"start":{"line":86,"column":41},"end":{"line":105,"column":1}},"line":86},"5":{"name":"(anonymous_5)","decl":{"start":{"line":108,"column":21},"end":{"line":108,"column":22}},"loc":{"start":{"line":108,"column":41},"end":{"line":129,"column":1}},"line":108},"6":{"name":"(anonymous_6)","decl":{"start":{"line":132,"column":21},"end":{"line":132,"column":22}},"loc":{"start":{"line":132,"column":41},"end":{"line":157,"column":1}},"line":132}},"branchMap":{"0":{"loc":{"start":{"line":14,"column":2},"end":{"line":16,"column":3}},"type":"if","locations":[{"start":{"line":14,"column":2},"end":{"line":16,"column":3}},{"start":{},"end":{}}],"line":14},"1":{"loc":{"start":{"line":17,"column":2},"end":{"line":19,"column":3}},"type":"if","locations":[{"start":{"line":17,"column":2},"end":{"line":19,"column":3}},{"start":{},"end":{}}],"line":17},"2":{"loc":{"start":{"line":20,"column":2},"end":{"line":22,"column":3}},"type":"if","locations":[{"start":{"line":20,"column":2},"end":{"line":22,"column":3}},{"start":{},"end":{}}],"line":20},"3":{"loc":{"start":{"line":23,"column":2},"end":{"line":25,"column":3}},"type":"if","locations":[{"start":{"line":23,"column":2},"end":{"line":25,"column":3}},{"start":{},"end":{}}],"line":23},"4":{"loc":{"start":{"line":26,"column":2},"end":{"line":28,"column":3}},"type":"if","locations":[{"start":{"line":26,"column":2},"end":{"line":28,"column":3}},{"start":{},"end":{}}],"line":26},"5":{"loc":{"start":{"line":59,"column":2},"end":{"line":61,"column":3}},"type":"if","locations":[{"start":{"line":59,"column":2},"end":{"line":61,"column":3}},{"start":{},"end":{}}],"line":59},"6":{"loc":{"start":{"line":65,"column":2},"end":{"line":67,"column":3}},"type":"if","locations":[{"start":{"line":65,"column":2},"end":{"line":67,"column":3}},{"start":{},"end":{}}],"line":65},"7":{"loc":{"start":{"line":78,"column":2},"end":{"line":80,"column":3}},"type":"if","locations":[{"start":{"line":78,"column":2},"end":{"line":80,"column":3}},{"start":{},"end":{}}],"line":78},"8":{"loc":{"start":{"line":90,"column":4},"end":{"line":92,"column":5}},"type":"if","locations":[{"start":{"line":90,"column":4},"end":{"line":92,"column":5}},{"start":{},"end":{}}],"line":90},"9":{"loc":{"start":{"line":96,"column":4},"end":{"line":98,"column":5}},"type":"if","locations":[{"start":{"line":96,"column":4},"end":{"line":98,"column":5}},{"start":{},"end":{}}],"line":96},"10":{"loc":{"start":{"line":111,"column":2},"end":{"line":113,"column":3}},"type":"if","locations":[{"start":{"line":111,"column":2},"end":{"line":113,"column":3}},{"start":{},"end":{}}],"line":111},"11":{"loc":{"start":{"line":122,"column":2},"end":{"line":124,"column":3}},"type":"if","locations":[{"start":{"line":122,"column":2},"end":{"line":124,"column":3}},{"start":{},"end":{}}],"line":122},"12":{"loc":{"start":{"line":136,"column":4},"end":{"line":138,"column":5}},"type":"if","locations":[{"start":{"line":136,"column":4},"end":{"line":138,"column":5}},{"start":{},"end":{}}],"line":136},"13":{"loc":{"start":{"line":147,"column":4},"end":{"line":149,"column":5}},"type":"if","locations":[{"start":{"line":147,"column":4},"end":{"line":149,"column":5}},{"start":{},"end":{}}],"line":147}},"s":{"0":1,"1":1,"2":1,"3":1,"4":1,"5":1,"6":3,"7":3,"8":3,"9":1,"10":3,"11":0,"12":3,"13":0,"14":3,"15":0,"16":3,"17":1,"18":2,"19":2,"20":1,"21":1,"22":1,"23":0,"24":0,"25":0,"26":0,"27":1,"28":0,"29":0,"30":0,"31":0,"32":0,"33":0,"34":0,"35":1,"36":0,"37":0,"38":0,"39":0,"40":0,"41":1,"42":3,"43":3,"44":3,"45":3,"46":0,"47":0,"48":0,"49":0,"50":0,"51":0,"52":1,"53":0,"54":0,"55":0,"56":0,"57":0,"58":0,"59":0,"60":1,"61":0,"62":0,"63":0,"64":0,"65":0,"66":0,"67":0,"68":0,"69":0,"70":1},"f":{"0":3,"1":0,"2":0,"3":0,"4":3,"5":0,"6":0},"b":{"0":[1,2],"1":[0,3],"2":[0,3],"3":[0,3],"4":[1,2],"5":[0,0],"6":[0,0],"7":[0,0],"8":[3,0],"9":[0,0],"10":[0,0],"11":[0,0],"12":[0,0],"13":[0,0]},"_coverageSchema":"1a1c01bbd47fc00a2c39e90264f33305004495a9","hash":"e786f27229416fe924d01575ceec0439ab6a3eea"}
,"C:\\Personal\\Extra\\MERN Stack\\University-Timetable-Management-System---RESTful-API\\backend\\controllers\\enrollController.js": {"path":"C:\\Personal\\Extra\\MERN Stack\\University-Timetable-Management-System---RESTful-API\\backend\\controllers\\enrollController.js","statementMap":{"0":{"start":{"line":1,"column":21},"end":{"line":1,"column":39}},"1":{"start":{"line":2,"column":17},"end":{"line":2,"column":36}},"2":{"start":{"line":3,"column":12},"end":{"line":3,"column":35}},"3":{"start":{"line":4,"column":20},"end":{"line":4,"column":52}},"4":{"start":{"line":5,"column":15},"end":{"line":5,"column":47}},"5":{"start":{"line":6,"column":17},"end":{"line":6,"column":36}},"6":{"start":{"line":7,"column":10},"end":{"line":7,"column":27}},"7":{"start":{"line":10,"column":19},"end":{"line":10,"column":67}},"8":{"start":{"line":13,"column":21},"end":{"line":46,"column":1}},"9":{"start":{"line":14,"column":36},"end":{"line":14,"column":44}},"10":{"start":{"line":17,"column":2},"end":{"line":19,"column":3}},"11":{"start":{"line":18,"column":4},"end":{"line":18,"column":72}},"12":{"start":{"line":22,"column":2},"end":{"line":45,"column":3}},"13":{"start":{"line":24,"column":21},"end":{"line":24,"column":70}},"14":{"start":{"line":26,"column":4},"end":{"line":28,"column":5}},"15":{"start":{"line":27,"column":6},"end":{"line":27,"column":68}},"16":{"start":{"line":30,"column":19},"end":{"line":30,"column":58}},"17":{"start":{"line":31,"column":4},"end":{"line":35,"column":5}},"18":{"start":{"line":32,"column":6},"end":{"line":34,"column":77}},"19":{"start":{"line":37,"column":27},"end":{"line":40,"column":6}},"20":{"start":{"line":41,"column":4},"end":{"line":41,"column":77}},"21":{"start":{"line":42,"column":4},"end":{"line":42,"column":45}},"22":{"start":{"line":44,"column":4},"end":{"line":44,"column":51}},"23":{"start":{"line":49,"column":25},"end":{"line":66,"column":1}},"24":{"start":{"line":50,"column":2},"end":{"line":65,"column":3}},"25":{"start":{"line":51,"column":26},"end":{"line":51,"column":36}},"26":{"start":{"line":52,"column":4},"end":{"line":52,"column":27}},"27":{"start":{"line":54,"column":28},"end":{"line":56,"column":30}},"28":{"start":{"line":58,"column":4},"end":{"line":62,"column":5}},"29":{"start":{"line":59,"column":6},"end":{"line":59,"column":51}},"30":{"start":{"line":61,"column":6},"end":{"line":61,"column":71}},"31":{"start":{"line":64,"column":4},"end":{"line":64,"column":70}},"32":{"start":{"line":68,"column":21},"end":{"line":84,"column":1}},"33":{"start":{"line":69,"column":2},"end":{"line":83,"column":3}},"34":{"start":{"line":70,"column":27},"end":{"line":70,"column":35}},"35":{"start":{"line":71,"column":29},"end":{"line":71,"column":67}},"36":{"start":{"line":73,"column":4},"end":{"line":80,"column":5}},"37":{"start":{"line":74,"column":25},"end":{"line":76,"column":7}},"38":{"start":{"line":75,"column":24},"end":{"line":75,"column":44}},"39":{"start":{"line":77,"column":6},"end":{"line":77,"column":46}},"40":{"start":{"line":79,"column":6},"end":{"line":79,"column":72}},"41":{"start":{"line":82,"column":4},"end":{"line":82,"column":66}},"42":{"start":{"line":86,"column":0},"end":{"line":91,"column":2}}},"fnMap":{"0":{"name":"(anonymous_0)","decl":{"start":{"line":13,"column":21},"end":{"line":13,"column":22}},"loc":{"start":{"line":13,"column":41},"end":{"line":46,"column":1}},"line":13},"1":{"name":"(anonymous_1)","decl":{"start":{"line":49,"column":25},"end":{"line":49,"column":26}},"loc":{"start":{"line":49,"column":45},"end":{"line":66,"column":1}},"line":49},"2":{"name":"(anonymous_2)","decl":{"start":{"line":68,"column":21},"end":{"line":68,"column":22}},"loc":{"start":{"line":68,"column":41},"end":{"line":84,"column":1}},"line":68},"3":{"name":"(anonymous_3)","decl":{"start":{"line":75,"column":8},"end":{"line":75,"column":9}},"loc":{"start":{"line":75,"column":24},"end":{"line":75,"column":44}},"line":75}},"branchMap":{"0":{"loc":{"start":{"line":17,"column":2},"end":{"line":19,"column":3}},"type":"if","locations":[{"start":{"line":17,"column":2},"end":{"line":19,"column":3}},{"start":{},"end":{}}],"line":17},"1":{"loc":{"start":{"line":17,"column":6},"end":{"line":17,"column":31}},"type":"binary-expr","locations":[{"start":{"line":17,"column":6},"end":{"line":17,"column":16}},{"start":{"line":17,"column":20},"end":{"line":17,"column":31}}],"line":17},"2":{"loc":{"start":{"line":26,"column":4},"end":{"line":28,"column":5}},"type":"if","locations":[{"start":{"line":26,"column":4},"end":{"line":28,"column":5}},{"start":{},"end":{}}],"line":26},"3":{"loc":{"start":{"line":31,"column":4},"end":{"line":35,"column":5}},"type":"if","locations":[{"start":{"line":31,"column":4},"end":{"line":35,"column":5}},{"start":{},"end":{}}],"line":31},"4":{"loc":{"start":{"line":58,"column":4},"end":{"line":62,"column":5}},"type":"if","locations":[{"start":{"line":58,"column":4},"end":{"line":62,"column":5}},{"start":{"line":60,"column":11},"end":{"line":62,"column":5}}],"line":58},"5":{"loc":{"start":{"line":73,"column":4},"end":{"line":80,"column":5}},"type":"if","locations":[{"start":{"line":73,"column":4},"end":{"line":80,"column":5}},{"start":{"line":78,"column":11},"end":{"line":80,"column":5}}],"line":73}},"s":{"0":1,"1":1,"2":1,"3":1,"4":1,"5":1,"6":1,"7":1,"8":1,"9":3,"10":3,"11":1,"12":2,"13":2,"14":2,"15":1,"16":1,"17":1,"18":0,"19":1,"20":0,"21":0,"22":1,"23":1,"24":0,"25":0,"26":0,"27":0,"28":0,"29":0,"30":0,"31":0,"32":1,"33":2,"34":2,"35":2,"36":2,"37":1,"38":2,"39":1,"40":1,"41":0,"42":1},"f":{"0":3,"1":0,"2":2,"3":2},"b":{"0":[1,2],"1":[3,2],"2":[1,1],"3":[0,1],"4":[0,0],"5":[1,1]},"_coverageSchema":"1a1c01bbd47fc00a2c39e90264f33305004495a9","hash":"62eca3b42533ff9190bde94e87e3fd328e142887"}
,"C:\\Personal\\Extra\\MERN Stack\\University-Timetable-Management-System---RESTful-API\\backend\\controllers\\notificationController.js": {"path":"C:\\Personal\\Extra\\MERN Stack\\University-Timetable-Management-System---RESTful-API\\backend\\controllers\\notificationController.js","statementMap":{"0":{"start":{"line":1,"column":0},"end":{"line":1,"column":27}},"1":{"start":{"line":2,"column":17},"end":{"line":2,"column":36}},"2":{"start":{"line":3,"column":12},"end":{"line":3,"column":35}},"3":{"start":{"line":4,"column":11},"end":{"line":4,"column":33}},"4":{"start":{"line":5,"column":19},"end":{"line":5,"column":40}},"5":{"start":{"line":6,"column":21},"end":{"line":6,"column":59}},"6":{"start":{"line":7,"column":13},"end":{"line":7,"column":43}},"7":{"start":{"line":8,"column":17},"end":{"line":8,"column":36}},"8":{"start":{"line":9,"column":10},"end":{"line":9,"column":27}},"9":{"start":{"line":12,"column":25},"end":{"line":12,"column":73}},"10":{"start":{"line":15,"column":27},"end":{"line":43,"column":1}},"11":{"start":{"line":16,"column":42},"end":{"line":16,"column":50}},"12":{"start":{"line":18,"column":2},"end":{"line":20,"column":3}},"13":{"start":{"line":19,"column":4},"end":{"line":19,"column":74}},"14":{"start":{"line":21,"column":2},"end":{"line":23,"column":3}},"15":{"start":{"line":22,"column":4},"end":{"line":22,"column":72}},"16":{"start":{"line":24,"column":2},"end":{"line":26,"column":3}},"17":{"start":{"line":25,"column":4},"end":{"line":25,"column":72}},"18":{"start":{"line":28,"column":2},"end":{"line":42,"column":3}},"19":{"start":{"line":29,"column":25},"end":{"line":33,"column":6}},"20":{"start":{"line":36,"column":20},"end":{"line":36,"column":49}},"21":{"start":{"line":37,"column":4},"end":{"line":37,"column":39}},"22":{"start":{"line":39,"column":4},"end":{"line":39,"column":64}},"23":{"start":{"line":41,"column":4},"end":{"line":41,"column":67}},"24":{"start":{"line":45,"column":22},"end":{"line":52,"column":1}},"25":{"start":{"line":46,"column":2},"end":{"line":51,"column":3}},"26":{"start":{"line":47,"column":19},"end":{"line":47,"column":68}},"27":{"start":{"line":48,"column":4},"end":{"line":48,"column":40}},"28":{"start":{"line":50,"column":4},"end":{"line":50,"column":67}},"29":{"start":{"line":55,"column":29},"end":{"line":66,"column":1}},"30":{"start":{"line":56,"column":2},"end":{"line":65,"column":3}},"31":{"start":{"line":57,"column":30},"end":{"line":57,"column":40}},"32":{"start":{"line":58,"column":26},"end":{"line":61,"column":6}},"33":{"start":{"line":62,"column":4},"end":{"line":62,"column":65}},"34":{"start":{"line":64,"column":4},"end":{"line":64,"column":67}},"35":{"start":{"line":69,"column":19},"end":{"line":105,"column":1}},"36":{"start":{"line":70,"column":2},"end":{"line":104,"column":3}},"37":{"start":{"line":71,"column":21},"end":{"line":71,"column":57}},"38":{"start":{"line":72,"column":18},"end":{"line":72,"column":20}},"39":{"start":{"line":74,"column":4},"end":{"line":76,"column":7}},"40":{"start":{"line":75,"column":6},"end":{"line":75,"column":32}},"41":{"start":{"line":77,"column":4},"end":{"line":77,"column":38}},"42":{"start":{"line":80,"column":24},"end":{"line":88,"column":6}},"43":{"start":{"line":91,"column":24},"end":{"line":99,"column":5}},"44":{"start":{"line":101,"column":4},"end":{"line":101,"column":45}},"45":{"start":{"line":103,"column":4},"end":{"line":103,"column":57}},"46":{"start":{"line":108,"column":17},"end":{"line":115,"column":1}},"47":{"start":{"line":109,"column":2},"end":{"line":114,"column":3}},"48":{"start":{"line":110,"column":4},"end":{"line":110,"column":44}},"49":{"start":{"line":111,"column":4},"end":{"line":111,"column":42}},"50":{"start":{"line":113,"column":4},"end":{"line":113,"column":23}},"51":{"start":{"line":117,"column":0},"end":{"line":123,"column":2}}},"fnMap":{"0":{"name":"(anonymous_0)","decl":{"start":{"line":15,"column":27},"end":{"line":15,"column":28}},"loc":{"start":{"line":15,"column":47},"end":{"line":43,"column":1}},"line":15},"1":{"name":"(anonymous_1)","decl":{"start":{"line":45,"column":22},"end":{"line":45,"column":23}},"loc":{"start":{"line":45,"column":42},"end":{"line":52,"column":1}},"line":45},"2":{"name":"(anonymous_2)","decl":{"start":{"line":55,"column":29},"end":{"line":55,"column":30}},"loc":{"start":{"line":55,"column":49},"end":{"line":66,"column":1}},"line":55},"3":{"name":"(anonymous_3)","decl":{"start":{"line":69,"column":19},"end":{"line":69,"column":20}},"loc":{"start":{"line":69,"column":52},"end":{"line":105,"column":1}},"line":69},"4":{"name":"(anonymous_4)","decl":{"start":{"line":74,"column":21},"end":{"line":74,"column":22}},"loc":{"start":{"line":74,"column":34},"end":{"line":76,"column":5}},"line":74},"5":{"name":"(anonymous_5)","decl":{"start":{"line":108,"column":17},"end":{"line":108,"column":18}},"loc":{"start":{"line":108,"column":53},"end":{"line":115,"column":1}},"line":108}},"branchMap":{"0":{"loc":{"start":{"line":18,"column":2},"end":{"line":20,"column":3}},"type":"if","locations":[{"start":{"line":18,"column":2},"end":{"line":20,"column":3}},{"start":{},"end":{}}],"line":18},"1":{"loc":{"start":{"line":21,"column":2},"end":{"line":23,"column":3}},"type":"if","locations":[{"start":{"line":21,"column":2},"end":{"line":23,"column":3}},{"start":{},"end":{}}],"line":21},"2":{"loc":{"start":{"line":24,"column":2},"end":{"line":26,"column":3}},"type":"if","locations":[{"start":{"line":24,"column":2},"end":{"line":26,"column":3}},{"start":{},"end":{}}],"line":24}},"s":{"0":1,"1":1,"2":1,"3":1,"4":1,"5":1,"6":1,"7":1,"8":1,"9":1,"10":1,"11":4,"12":4,"13":1,"14":3,"15":1,"16":2,"17":1,"18":1,"19":1,"20":1,"21":1,"22":1,"23":0,"24":1,"25":0,"26":0,"27":0,"28":0,"29":1,"30":0,"31":0,"32":0,"33":0,"34":0,"35":1,"36":1,"37":1,"38":0,"39":0,"40":0,"41":0,"42":0,"43":0,"44":0,"45":1,"46":1,"47":0,"48":0,"49":0,"50":0,"51":1},"f":{"0":4,"1":0,"2":0,"3":1,"4":0,"5":0},"b":{"0":[1,3],"1":[1,2],"2":[1,1]},"_coverageSchema":"1a1c01bbd47fc00a2c39e90264f33305004495a9","hash":"4040cf7c36a78f14f7fad03d3d1514cc58d42315"}
,"C:\\Personal\\Extra\\MERN Stack\\University-Timetable-Management-System---RESTful-API\\backend\\controllers\\userController.js": {"path":"C:\\Personal\\Extra\\MERN Stack\\University-Timetable-Management-System---RESTful-API\\backend\\controllers\\userController.js","statementMap":{"0":{"start":{"line":1,"column":15},"end":{"line":1,"column":34}},"1":{"start":{"line":2,"column":17},"end":{"line":2,"column":36}},"2":{"start":{"line":3,"column":12},"end":{"line":3,"column":35}},"3":{"start":{"line":4,"column":13},"end":{"line":4,"column":43}},"4":{"start":{"line":5,"column":19},"end":{"line":5,"column":45}},"5":{"start":{"line":8,"column":22},"end":{"line":11,"column":1}},"6":{"start":{"line":9,"column":13},"end":{"line":9,"column":42}},"7":{"start":{"line":10,"column":2},"end":{"line":10,"column":29}},"8":{"start":{"line":14,"column":17},"end":{"line":14,"column":65}},"9":{"start":{"line":17,"column":15},"end":{"line":41,"column":1}},"10":{"start":{"line":18,"column":2},"end":{"line":40,"column":3}},"11":{"start":{"line":20,"column":21},"end":{"line":20,"column":59}},"12":{"start":{"line":21,"column":4},"end":{"line":23,"column":5}},"13":{"start":{"line":22,"column":6},"end":{"line":22,"column":79}},"14":{"start":{"line":26,"column":27},"end":{"line":26,"column":70}},"15":{"start":{"line":28,"column":17},"end":{"line":32,"column":6}},"16":{"start":{"line":34,"column":4},"end":{"line":34,"column":22}},"17":{"start":{"line":35,"column":4},"end":{"line":37,"column":65}},"18":{"start":{"line":39,"column":4},"end":{"line":39,"column":58}},"19":{"start":{"line":44,"column":14},"end":{"line":95,"column":1}},"20":{"start":{"line":45,"column":2},"end":{"line":94,"column":3}},"21":{"start":{"line":46,"column":32},"end":{"line":46,"column":43}},"22":{"start":{"line":48,"column":17},"end":{"line":48,"column":46}},"23":{"start":{"line":50,"column":4},"end":{"line":54,"column":5}},"24":{"start":{"line":51,"column":6},"end":{"line":53,"column":9}},"25":{"start":{"line":56,"column":4},"end":{"line":60,"column":5}},"26":{"start":{"line":57,"column":6},"end":{"line":59,"column":9}},"27":{"start":{"line":63,"column":20},"end":{"line":63,"column":65}},"28":{"start":{"line":65,"column":4},"end":{"line":91,"column":5}},"29":{"start":{"line":66,"column":20},"end":{"line":74,"column":7}},"30":{"start":{"line":76,"column":21},"end":{"line":81,"column":7}},"31":{"start":{"line":83,"column":6},"end":{"line":85,"column":65}},"32":{"start":{"line":87,"column":6},"end":{"line":90,"column":9}},"33":{"start":{"line":93,"column":4},"end":{"line":93,"column":60}},"34":{"start":{"line":98,"column":23},"end":{"line":110,"column":1}},"35":{"start":{"line":99,"column":2},"end":{"line":109,"column":3}},"36":{"start":{"line":100,"column":21},"end":{"line":100,"column":57}},"37":{"start":{"line":102,"column":4},"end":{"line":104,"column":5}},"38":{"start":{"line":103,"column":6},"end":{"line":103,"column":69}},"39":{"start":{"line":106,"column":4},"end":{"line":106,"column":54}},"40":{"start":{"line":108,"column":4},"end":{"line":108,"column":60}},"41":{"start":{"line":112,"column":22},"end":{"line":119,"column":1}},"42":{"start":{"line":113,"column":2},"end":{"line":118,"column":4}},"43":{"start":{"line":121,"column":0},"end":{"line":128,"column":2}}},"fnMap":{"0":{"name":"(anonymous_0)","decl":{"start":{"line":8,"column":22},"end":{"line":8,"column":23}},"loc":{"start":{"line":8,"column":39},"end":{"line":11,"column":1}},"line":8},"1":{"name":"(anonymous_1)","decl":{"start":{"line":17,"column":15},"end":{"line":17,"column":16}},"loc":{"start":{"line":17,"column":49},"end":{"line":41,"column":1}},"line":17},"2":{"name":"(anonymous_2)","decl":{"start":{"line":44,"column":14},"end":{"line":44,"column":15}},"loc":{"start":{"line":44,"column":48},"end":{"line":95,"column":1}},"line":44},"3":{"name":"(anonymous_3)","decl":{"start":{"line":98,"column":23},"end":{"line":98,"column":24}},"loc":{"start":{"line":98,"column":43},"end":{"line":110,"column":1}},"line":98},"4":{"name":"(anonymous_4)","decl":{"start":{"line":112,"column":22},"end":{"line":112,"column":23}},"loc":{"start":{"line":112,"column":32},"end":{"line":119,"column":1}},"line":112}},"branchMap":{"0":{"loc":{"start":{"line":10,"column":9},"end":{"line":10,"column":28}},"type":"cond-expr","locations":[{"start":{"line":10,"column":16},"end":{"line":10,"column":21}},{"start":{"line":10,"column":24},"end":{"line":10,"column":28}}],"line":10},"1":{"loc":{"start":{"line":21,"column":4},"end":{"line":23,"column":5}},"type":"if","locations":[{"start":{"line":21,"column":4},"end":{"line":23,"column":5}},{"start":{},"end":{}}],"line":21},"2":{"loc":{"start":{"line":50,"column":4},"end":{"line":54,"column":5}},"type":"if","locations":[{"start":{"line":50,"column":4},"end":{"line":54,"column":5}},{"start":{},"end":{}}],"line":50},"3":{"loc":{"start":{"line":56,"column":4},"end":{"line":60,"column":5}},"type":"if","locations":[{"start":{"line":56,"column":4},"end":{"line":60,"column":5}},{"start":{},"end":{}}],"line":56},"4":{"loc":{"start":{"line":65,"column":4},"end":{"line":91,"column":5}},"type":"if","locations":[{"start":{"line":65,"column":4},"end":{"line":91,"column":5}},{"start":{"line":86,"column":11},"end":{"line":91,"column":5}}],"line":65},"5":{"loc":{"start":{"line":102,"column":4},"end":{"line":104,"column":5}},"type":"if","locations":[{"start":{"line":102,"column":4},"end":{"line":104,"column":5}},{"start":{},"end":{}}],"line":102}},"s":{"0":1,"1":1,"2":1,"3":1,"4":1,"5":1,"6":2,"7":1,"8":1,"9":1,"10":2,"11":2,"12":1,"13":1,"14":0,"15":0,"16":0,"17":0,"18":1,"19":1,"20":5,"21":5,"22":5,"23":4,"24":1,"25":3,"26":1,"27":2,"28":2,"29":1,"30":1,"31":1,"32":1,"33":1,"34":1,"35":0,"36":0,"37":0,"38":0,"39":0,"40":0,"41":1,"42":0,"43":1},"f":{"0":2,"1":2,"2":5,"3":0,"4":0},"b":{"0":[1,0],"1":[1,0],"2":[1,3],"3":[1,2],"4":[1,1],"5":[0,0]},"_coverageSchema":"1a1c01bbd47fc00a2c39e90264f33305004495a9","hash":"253e0445a11354e5d4ed91413f920f9cad77c15b"}
,"C:\\Personal\\Extra\\MERN Stack\\University-Timetable-Management-System---RESTful-API\\backend\\models\\bookingModel.js": {"path":"C:\\Personal\\Extra\\MERN Stack\\University-Timetable-Management-System---RESTful-API\\backend\\models\\bookingModel.js","statementMap":{"0":{"start":{"line":1,"column":17},"end":{"line":1,"column":36}},"1":{"start":{"line":3,"column":15},"end":{"line":3,"column":30}},"2":{"start":{"line":5,"column":22},"end":{"line":32,"column":1}},"3":{"start":{"line":34,"column":0},"end":{"line":34,"column":58}}},"fnMap":{},"branchMap":{},"s":{"0":1,"1":1,"2":1,"3":1},"f":{},"b":{},"_coverageSchema":"1a1c01bbd47fc00a2c39e90264f33305004495a9","hash":"8dd08dd33969774331bf3c4dc54f10a923337160"}
,"C:\\Personal\\Extra\\MERN Stack\\University-Timetable-Management-System---RESTful-API\\backend\\models\\notificationModel.js": {"path":"C:\\Personal\\Extra\\MERN Stack\\University-Timetable-Management-System---RESTful-API\\backend\\models\\notificationModel.js","statementMap":{"0":{"start":{"line":1,"column":17},"end":{"line":1,"column":36}},"1":{"start":{"line":3,"column":15},"end":{"line":3,"column":30}},"2":{"start":{"line":5,"column":27},"end":{"line":18,"column":1}},"3":{"start":{"line":20,"column":0},"end":{"line":20,"column":68}}},"fnMap":{},"branchMap":{},"s":{"0":1,"1":1,"2":1,"3":1},"f":{},"b":{},"_coverageSchema":"1a1c01bbd47fc00a2c39e90264f33305004495a9","hash":"d4919852aca3e35eca3445bb268d9d096c498d0a"}
,"C:\\Personal\\Extra\\MERN Stack\\University-Timetable-Management-System---RESTful-API\\backend\\models\\userModel.js": {"path":"C:\\Personal\\Extra\\MERN Stack\\University-Timetable-Management-System---RESTful-API\\backend\\models\\userModel.js","statementMap":{"0":{"start":{"line":1,"column":26},"end":{"line":1,"column":45}},"1":{"start":{"line":3,"column":19},"end":{"line":20,"column":1}},"2":{"start":{"line":22,"column":13},"end":{"line":22,"column":38}},"3":{"start":{"line":24,"column":0},"end":{"line":24,"column":22}}},"fnMap":{},"branchMap":{},"s":{"0":2,"1":2,"2":2,"3":2},"f":{},"b":{},"_coverageSchema":"1a1c01bbd47fc00a2c39e90264f33305004495a9","hash":"5912fd478d824c2463bc35391d243a04f551fed8"}
,"C:\\Personal\\Extra\\MERN Stack\\University-Timetable-Management-System---RESTful-API\\backend\\routes\\notification.js": {"path":"C:\\Personal\\Extra\\MERN Stack\\University-Timetable-Management-System---RESTful-API\\backend\\routes\\notification.js","statementMap":{"0":{"start":{"line":1,"column":16},"end":{"line":1,"column":34}},"1":{"start":{"line":2,"column":15},"end":{"line":2,"column":31}},"2":{"start":{"line":8,"column":4},"end":{"line":8,"column":52}},"3":{"start":{"line":9,"column":22},"end":{"line":9,"column":62}},"4":{"start":{"line":12,"column":0},"end":{"line":12,"column":77}},"5":{"start":{"line":15,"column":0},"end":{"line":15,"column":31}},"6":{"start":{"line":18,"column":0},"end":{"line":18,"column":52}},"7":{"start":{"line":20,"column":0},"end":{"line":20,"column":24}}},"fnMap":{},"branchMap":{},"s":{"0":1,"1":1,"2":1,"3":1,"4":1,"5":1,"6":1,"7":1},"f":{},"b":{},"_coverageSchema":"1a1c01bbd47fc00a2c39e90264f33305004495a9","hash":"81ac5edd69759b122ed13992d8ddd342008d0f0b"}
}
