TN:
SF:config\index.js
FNF:0
FNH:0
DA:1,1
DA:3,1
LF:2
LH:2
BRF:0
BRH:0
end_of_record
TN:
SF:controllers\bookingController.js
FN:9,(anonymous_0)
FN:57,(anonymous_1)
FN:67,(anonymous_2)
FN:88,(anonymous_3)
FN:109,(anonymous_4)
FN:134,(anonymous_5)
FN:152,(anonymous_6)
FNF:7
FNH:1
FNDA:3,(anonymous_0)
FNDA:0,(anonymous_1)
FNDA:0,(anonymous_2)
FNDA:0,(anonymous_3)
FNDA:0,(anonymous_4)
FNDA:0,(anonymous_5)
FNDA:0,(anonymous_6)
DA:1,1
DA:2,1
DA:3,1
DA:4,1
DA:7,1
DA:9,1
DA:10,3
DA:11,3
DA:12,3
DA:15,3
DA:16,1
DA:18,3
DA:19,0
DA:21,3
DA:22,0
DA:24,3
DA:25,0
DA:28,3
DA:29,1
DA:32,2
DA:33,2
DA:35,2
DA:36,1
DA:40,1
DA:41,1
DA:49,1
DA:51,0
DA:57,1
DA:58,0
DA:59,0
DA:60,0
DA:62,0
DA:67,1
DA:68,0
DA:69,0
DA:71,0
DA:72,0
DA:75,0
DA:77,0
DA:78,0
DA:81,0
DA:83,0
DA:88,1
DA:89,0
DA:90,0
DA:92,0
DA:93,0
DA:96,0
DA:98,0
DA:99,0
DA:102,0
DA:104,0
DA:109,1
DA:110,0
DA:112,0
DA:113,0
DA:116,0
DA:117,0
DA:123,0
DA:124,0
DA:127,0
DA:129,0
DA:134,1
DA:136,0
DA:137,0
DA:147,0
DA:152,1
DA:153,0
DA:155,0
DA:157,0
DA:158,0
DA:160,0
DA:164,1
LF:73
LH:30
BRDA:15,0,0,1
BRDA:15,0,1,2
BRDA:18,1,0,0
BRDA:18,1,1,3
BRDA:21,2,0,0
BRDA:21,2,1,3
BRDA:24,3,0,0
BRDA:24,3,1,3
BRDA:28,4,0,1
BRDA:28,4,1,2
BRDA:35,5,0,1
BRDA:35,5,1,1
BRDA:71,6,0,0
BRDA:71,6,1,0
BRDA:77,7,0,0
BRDA:77,7,1,0
BRDA:92,8,0,0
BRDA:92,8,1,0
BRDA:98,9,0,0
BRDA:98,9,1,0
BRDA:112,10,0,0
BRDA:112,10,1,0
BRDA:123,11,0,0
BRDA:123,11,1,0
BRDA:157,12,0,0
BRDA:157,12,1,0
BRF:26
BRH:9
end_of_record
TN:
SF:controllers\coureseController.js
FN:10,(anonymous_0)
FN:46,(anonymous_1)
FN:56,(anonymous_2)
FN:73,(anonymous_3)
FN:86,(anonymous_4)
FN:108,(anonymous_5)
FN:132,(anonymous_6)
FNF:7
FNH:2
FNDA:3,(anonymous_0)
FNDA:0,(anonymous_1)
FNDA:0,(anonymous_2)
FNDA:0,(anonymous_3)
FNDA:3,(anonymous_4)
FNDA:0,(anonymous_5)
FNDA:0,(anonymous_6)
DA:1,1
DA:2,1
DA:3,1
DA:4,1
DA:7,1
DA:10,1
DA:11,3
DA:12,3
DA:14,3
DA:15,1
DA:17,3
DA:18,0
DA:20,3
DA:21,0
DA:23,3
DA:24,0
DA:26,3
DA:27,1
DA:31,2
DA:32,2
DA:39,1
DA:41,1
DA:46,1
DA:47,0
DA:48,0
DA:49,0
DA:51,0
DA:56,1
DA:57,0
DA:59,0
DA:60,0
DA:63,0
DA:65,0
DA:66,0
DA:69,0
DA:73,1
DA:74,0
DA:76,0
DA:78,0
DA:79,0
DA:82,0
DA:86,1
DA:87,3
DA:88,3
DA:90,3
DA:91,3
DA:94,0
DA:96,0
DA:97,0
DA:100,0
DA:102,0
DA:103,0
DA:108,1
DA:109,0
DA:111,0
DA:112,0
DA:115,0
DA:122,0
DA:123,0
DA:126,0
DA:132,1
DA:133,0
DA:134,0
DA:136,0
DA:137,0
DA:140,0
DA:147,0
DA:148,0
DA:151,0
DA:155,0
DA:159,1
LF:71
LH:30
BRDA:14,0,0,1
BRDA:14,0,1,2
BRDA:17,1,0,0
BRDA:17,1,1,3
BRDA:20,2,0,0
BRDA:20,2,1,3
BRDA:23,3,0,0
BRDA:23,3,1,3
BRDA:26,4,0,1
BRDA:26,4,1,2
BRDA:59,5,0,0
BRDA:59,5,1,0
BRDA:65,6,0,0
BRDA:65,6,1,0
BRDA:78,7,0,0
BRDA:78,7,1,0
BRDA:90,8,0,3
BRDA:90,8,1,0
BRDA:96,9,0,0
BRDA:96,9,1,0
BRDA:111,10,0,0
BRDA:111,10,1,0
BRDA:122,11,0,0
BRDA:122,11,1,0
BRDA:136,12,0,0
BRDA:136,12,1,0
BRDA:147,13,0,0
BRDA:147,13,1,0
BRF:28
BRH:8
end_of_record
TN:
SF:controllers\enrollController.js
FN:13,(anonymous_0)
FN:49,(anonymous_1)
FN:68,(anonymous_2)
FN:75,(anonymous_3)
FNF:4
FNH:3
FNDA:3,(anonymous_0)
FNDA:0,(anonymous_1)
FNDA:2,(anonymous_2)
FNDA:2,(anonymous_3)
DA:1,1
DA:2,1
DA:3,1
DA:4,1
DA:5,1
DA:6,1
DA:7,1
DA:10,1
DA:13,1
DA:14,3
DA:17,3
DA:18,1
DA:22,2
DA:24,2
DA:26,2
DA:27,1
DA:30,1
DA:31,1
DA:32,0
DA:37,1
DA:41,0
DA:42,0
DA:44,1
DA:49,1
DA:50,0
DA:51,0
DA:52,0
DA:54,0
DA:58,0
DA:59,0
DA:61,0
DA:64,0
DA:68,1
DA:69,2
DA:70,2
DA:71,2
DA:73,2
DA:74,1
DA:75,2
DA:77,1
DA:79,1
DA:82,0
DA:86,1
LF:43
LH:31
BRDA:17,0,0,1
BRDA:17,0,1,2
BRDA:17,1,0,3
BRDA:17,1,1,2
BRDA:26,2,0,1
BRDA:26,2,1,1
BRDA:31,3,0,0
BRDA:31,3,1,1
BRDA:58,4,0,0
BRDA:58,4,1,0
BRDA:73,5,0,1
BRDA:73,5,1,1
BRF:12
BRH:9
end_of_record
TN:
SF:controllers\notificationController.js
FN:15,(anonymous_0)
FN:45,(anonymous_1)
FN:55,(anonymous_2)
FN:69,(anonymous_3)
FN:74,(anonymous_4)
FN:108,(anonymous_5)
FNF:6
FNH:2
FNDA:4,(anonymous_0)
FNDA:0,(anonymous_1)
FNDA:0,(anonymous_2)
FNDA:1,(anonymous_3)
FNDA:0,(anonymous_4)
FNDA:0,(anonymous_5)
DA:1,1
DA:2,1
DA:3,1
DA:4,1
DA:5,1
DA:6,1
DA:7,1
DA:8,1
DA:9,1
DA:12,1
DA:15,1
DA:16,4
DA:18,4
DA:19,1
DA:21,3
DA:22,1
DA:24,2
DA:25,1
DA:28,1
DA:29,1
DA:36,1
DA:37,1
DA:39,1
DA:41,0
DA:45,1
DA:46,0
DA:47,0
DA:48,0
DA:50,0
DA:55,1
DA:56,0
DA:57,0
DA:58,0
DA:62,0
DA:64,0
DA:69,1
DA:70,1
DA:71,1
DA:72,0
DA:74,0
DA:75,0
DA:77,0
DA:80,0
DA:91,0
DA:101,0
DA:103,1
DA:108,1
DA:109,0
DA:110,0
DA:111,0
DA:113,0
DA:117,1
LF:52
LH:31
BRDA:18,0,0,1
BRDA:18,0,1,3
BRDA:21,1,0,1
BRDA:21,1,1,2
BRDA:24,2,0,1
BRDA:24,2,1,1
BRF:6
BRH:6
end_of_record
TN:
SF:controllers\userController.js
FN:8,(anonymous_0)
FN:17,(anonymous_1)
FN:44,(anonymous_2)
FN:98,(anonymous_3)
FN:112,(anonymous_4)
FNF:5
FNH:3
FNDA:2,(anonymous_0)
FNDA:2,(anonymous_1)
FNDA:5,(anonymous_2)
FNDA:0,(anonymous_3)
FNDA:0,(anonymous_4)
DA:1,1
DA:2,1
DA:3,1
DA:4,1
DA:5,1
DA:8,1
DA:9,2
DA:10,1
DA:14,1
DA:17,1
DA:18,2
DA:20,2
DA:21,1
DA:22,1
DA:26,0
DA:28,0
DA:34,0
DA:35,0
DA:39,1
DA:44,1
DA:45,5
DA:46,5
DA:48,5
DA:50,4
DA:51,1
DA:56,3
DA:57,1
DA:63,2
DA:65,2
DA:66,1
DA:76,1
DA:83,1
DA:87,1
DA:93,1
DA:98,1
DA:99,0
DA:100,0
DA:102,0
DA:103,0
DA:106,0
DA:108,0
DA:112,1
DA:113,0
DA:121,1
LF:44
LH:33
BRDA:10,0,0,1
BRDA:10,0,1,0
BRDA:21,1,0,1
BRDA:21,1,1,0
BRDA:50,2,0,1
BRDA:50,2,1,3
BRDA:56,3,0,1
BRDA:56,3,1,2
BRDA:65,4,0,1
BRDA:65,4,1,1
BRDA:102,5,0,0
BRDA:102,5,1,0
BRF:12
BRH:8
end_of_record
TN:
SF:models\bookingModel.js
FNF:0
FNH:0
DA:1,1
DA:3,1
DA:5,1
DA:34,1
LF:4
LH:4
BRF:0
BRH:0
end_of_record
TN:
SF:models\notificationModel.js
FNF:0
FNH:0
DA:1,1
DA:3,1
DA:5,1
DA:20,1
LF:4
LH:4
BRF:0
BRH:0
end_of_record
TN:
SF:models\userModel.js
FNF:0
FNH:0
DA:1,2
DA:3,2
DA:22,2
DA:24,2
LF:4
LH:4
BRF:0
BRH:0
end_of_record
TN:
SF:routes\notification.js
FNF:0
FNH:0
DA:1,1
DA:2,1
DA:8,1
DA:9,1
DA:12,1
DA:15,1
DA:18,1
DA:20,1
LF:8
LH:8
BRF:0
BRH:0
end_of_record
